  block.cpp
  blockmanager.cpp
  camera.cpp
  debugproc.cpp
  effect.cpp
  input.cpp
  light.cpp
  main.cpp
C:\Users\student\Desktop\RuinsGood\Ruins_Good\main.cpp(30,91): warning C4100: 'lpCmdLine': 引数は関数の本体部で 1 度も参照されません。
C:\Users\student\Desktop\RuinsGood\Ruins_Good\main.cpp(30,65): warning C4100: 'hInstancePrev': 引数は関数の本体部で 1 度も参照されません。
  manager.cpp
  meshfield.cpp
  model.cpp
  motion.cpp
  number.cpp
  object.cpp
  object2D.cpp
  object3D.cpp
  objectBillboard.cpp
  objectX.cpp
  pause.cpp
  player.cpp
  コードを生成中...
  コンパイル中...
  renderer.cpp
  score.cpp
  shadow.cpp
  texture.cpp
  time.cpp
  コードを生成中...
  LINK : 前回のインクリメンタル リンクで C:\Users\student\Desktop\RuinsGood\Ruins_Good\Ruins Good!.exe が見つからなかったか、ビルドされませんでした。フル リンクを行います。
  Ruins Good!.vcxproj -> C:\Users\student\Desktop\RuinsGood\Ruins_Good\Ruins Good!.exe
