c:\users\student\desktop\ruinsgood\ruins_good\debug\ruins good!.pch
c:\users\student\desktop\ruinsgood\ruins_good\debug\vc142.pdb
c:\users\student\desktop\ruinsgood\ruins_good\debug\vc142.idb
c:\users\student\desktop\ruinsgood\ruins_good\debug\pch.obj
c:\users\student\desktop\ruinsgood\ruins_good\debug\meshfield.obj
c:\users\student\desktop\ruinsgood\ruins_good\debug\manager.obj
c:\users\student\desktop\ruinsgood\ruins_good\debug\main.obj
c:\users\student\desktop\ruinsgood\ruins_good\debug\light.obj
c:\users\student\desktop\ruinsgood\ruins_good\debug\input.obj
c:\users\student\desktop\ruinsgood\ruins_good\debug\imgui_widgets.obj
c:\users\student\desktop\ruinsgood\ruins_good\debug\imgui_tables.obj
c:\users\student\desktop\ruinsgood\ruins_good\debug\imgui_impl_win32.obj
c:\users\student\desktop\ruinsgood\ruins_good\debug\imgui_impl_dx9.obj
c:\users\student\desktop\ruinsgood\ruins_good\debug\imgui_draw.obj
c:\users\student\desktop\ruinsgood\ruins_good\debug\imgui_demo.obj
c:\users\student\desktop\ruinsgood\ruins_good\debug\imguimaneger.obj
c:\users\student\desktop\ruinsgood\ruins_good\debug\imgui.obj
c:\users\student\desktop\ruinsgood\ruins_good\debug\filedialogutils.obj
c:\users\student\desktop\ruinsgood\ruins_good\debug\effect.obj
c:\users\student\desktop\ruinsgood\ruins_good\debug\debugproc3d.obj
c:\users\student\desktop\ruinsgood\ruins_good\debug\debugproc.obj
c:\users\student\desktop\ruinsgood\ruins_good\debug\camera.obj
c:\users\student\desktop\ruinsgood\ruins_good\debug\blockmanager.obj
c:\users\student\desktop\ruinsgood\ruins_good\debug\block.obj
c:\users\student\desktop\ruinsgood\ruins_good\debug\time.obj
c:\users\student\desktop\ruinsgood\ruins_good\debug\texture.obj
c:\users\student\desktop\ruinsgood\ruins_good\debug\sound.obj
c:\users\student\desktop\ruinsgood\ruins_good\debug\shadow.obj
c:\users\student\desktop\ruinsgood\ruins_good\debug\score.obj
c:\users\student\desktop\ruinsgood\ruins_good\debug\renderer.obj
c:\users\student\desktop\ruinsgood\ruins_good\debug\player.obj
c:\users\student\desktop\ruinsgood\ruins_good\debug\pause.obj
c:\users\student\desktop\ruinsgood\ruins_good\debug\particle.obj
c:\users\student\desktop\ruinsgood\ruins_good\debug\objectx.obj
c:\users\student\desktop\ruinsgood\ruins_good\debug\objectbillboard.obj
c:\users\student\desktop\ruinsgood\ruins_good\debug\object3d.obj
c:\users\student\desktop\ruinsgood\ruins_good\debug\object2d.obj
c:\users\student\desktop\ruinsgood\ruins_good\debug\object.obj
c:\users\student\desktop\ruinsgood\ruins_good\debug\number.obj
c:\users\student\desktop\ruinsgood\ruins_good\debug\motion.obj
c:\users\student\desktop\ruinsgood\ruins_good\debug\model.obj
c:\users\student\desktop\ruinsgood\ruins_good\ruins good!.exe
c:\users\student\desktop\ruinsgood\ruins_good\debug\ruins good!.ilk
c:\users\student\desktop\ruinsgood\ruins_good\ruins good!.pdb
c:\users\student\desktop\ruinsgood\ruins_good\debug\ruins good!.tlog\cl.command.1.tlog
c:\users\student\desktop\ruinsgood\ruins_good\debug\ruins good!.tlog\cl.read.1.tlog
c:\users\student\desktop\ruinsgood\ruins_good\debug\ruins good!.tlog\cl.write.1.tlog
c:\users\student\desktop\ruinsgood\ruins_good\debug\ruins good!.tlog\link.command.1.tlog
c:\users\student\desktop\ruinsgood\ruins_good\debug\ruins good!.tlog\link.read.1.tlog
c:\users\student\desktop\ruinsgood\ruins_good\debug\ruins good!.tlog\link.write.1.tlog
