  camera.cpp
C:\Users\student\Desktop\Ruins Good!\Ruins_Good-\bullet3\src\LinearMath\btSerializer.h(464,1): warning C4127: 条件式が定数です。
  debugproc.cpp
C:\Users\student\Desktop\Ruins Good!\Ruins_Good-\bullet3\src\LinearMath\btSerializer.h(464,1): warning C4127: 条件式が定数です。
  effect.cpp
C:\Users\student\Desktop\Ruins Good!\Ruins_Good-\bullet3\src\LinearMath\btSerializer.h(464,1): warning C4127: 条件式が定数です。
  input.cpp
C:\Users\student\Desktop\Ruins Good!\Ruins_Good-\bullet3\src\LinearMath\btSerializer.h(464,1): warning C4127: 条件式が定数です。
  light.cpp
C:\Users\student\Desktop\Ruins Good!\Ruins_Good-\bullet3\src\LinearMath\btSerializer.h(464,1): warning C4127: 条件式が定数です。
  main.cpp
C:\Users\student\Desktop\Ruins Good!\Ruins_Good-\bullet3\src\LinearMath\btSerializer.h(464,1): warning C4127: 条件式が定数です。
C:\Users\student\Desktop\Ruins Good!\Ruins_Good-\main.cpp(18,91): warning C4100: 'lpCmdLine': 引数は関数の本体部で 1 度も参照されません。
C:\Users\student\Desktop\Ruins Good!\Ruins_Good-\main.cpp(18,65): warning C4100: 'hInstancePrev': 引数は関数の本体部で 1 度も参照されません。
  manager.cpp
C:\Users\student\Desktop\Ruins Good!\Ruins_Good-\bullet3\src\LinearMath\btSerializer.h(464,1): warning C4127: 条件式が定数です。
  meshfield.cpp
C:\Users\student\Desktop\Ruins Good!\Ruins_Good-\bullet3\src\LinearMath\btSerializer.h(464,1): warning C4127: 条件式が定数です。
  model.cpp
C:\Users\student\Desktop\Ruins Good!\Ruins_Good-\bullet3\src\LinearMath\btSerializer.h(464,1): warning C4127: 条件式が定数です。
  motion.cpp
C:\Users\student\Desktop\Ruins Good!\Ruins_Good-\bullet3\src\LinearMath\btSerializer.h(464,1): warning C4127: 条件式が定数です。
  number.cpp
C:\Users\student\Desktop\Ruins Good!\Ruins_Good-\bullet3\src\LinearMath\btSerializer.h(464,1): warning C4127: 条件式が定数です。
  object.cpp
C:\Users\student\Desktop\Ruins Good!\Ruins_Good-\bullet3\src\LinearMath\btSerializer.h(464,1): warning C4127: 条件式が定数です。
  object2D.cpp
C:\Users\student\Desktop\Ruins Good!\Ruins_Good-\bullet3\src\LinearMath\btSerializer.h(464,1): warning C4127: 条件式が定数です。
  object3D.cpp
C:\Users\student\Desktop\Ruins Good!\Ruins_Good-\bullet3\src\LinearMath\btSerializer.h(464,1): warning C4127: 条件式が定数です。
  objectBillboard.cpp
C:\Users\student\Desktop\Ruins Good!\Ruins_Good-\bullet3\src\LinearMath\btSerializer.h(464,1): warning C4127: 条件式が定数です。
  objectX.cpp
C:\Users\student\Desktop\Ruins Good!\Ruins_Good-\bullet3\src\LinearMath\btSerializer.h(464,1): warning C4127: 条件式が定数です。
  particle.cpp
C:\Users\student\Desktop\Ruins Good!\Ruins_Good-\bullet3\src\LinearMath\btSerializer.h(464,1): warning C4127: 条件式が定数です。
  pause.cpp
C:\Users\student\Desktop\Ruins Good!\Ruins_Good-\bullet3\src\LinearMath\btSerializer.h(464,1): warning C4127: 条件式が定数です。
  player.cpp
C:\Users\student\Desktop\Ruins Good!\Ruins_Good-\bullet3\src\LinearMath\btSerializer.h(464,1): warning C4127: 条件式が定数です。
  renderer.cpp
C:\Users\student\Desktop\Ruins Good!\Ruins_Good-\bullet3\src\LinearMath\btSerializer.h(464,1): warning C4127: 条件式が定数です。
  コンパイル中...
  score.cpp
C:\Users\student\Desktop\Ruins Good!\Ruins_Good-\bullet3\src\LinearMath\btSerializer.h(464,1): warning C4127: 条件式が定数です。
  shadow.cpp
C:\Users\student\Desktop\Ruins Good!\Ruins_Good-\bullet3\src\LinearMath\btSerializer.h(464,1): warning C4127: 条件式が定数です。
  sound.cpp
C:\Users\student\Desktop\Ruins Good!\Ruins_Good-\bullet3\src\LinearMath\btSerializer.h(464,1): warning C4127: 条件式が定数です。
  texture.cpp
C:\Users\student\Desktop\Ruins Good!\Ruins_Good-\bullet3\src\LinearMath\btSerializer.h(464,1): warning C4127: 条件式が定数です。
  time.cpp
C:\Users\student\Desktop\Ruins Good!\Ruins_Good-\bullet3\src\LinearMath\btSerializer.h(464,1): warning C4127: 条件式が定数です。
  コード生成しています。
  0 of 296 functions ( 0.0%) were compiled, the rest were copied from previous compilation.
    0 functions were new in current compilation
    0 functions had inline decision re-evaluated but remain unchanged
  コード生成が終了しました。
  Ruins Good!.vcxproj -> C:\Users\student\Desktop\Ruins Good!\Ruins_Good-\Ruins Good!.exe
